{
  "RSpec": {
    "coverage": {
      "/Users/hondam/Workspace/ninefold.com/rails_ci/spec/controllers/articles_controller_spec.rb": [
        1,
        null,
        1,
        null,
        null
      ],
      "/Users/hondam/Workspace/ninefold.com/rails_ci/spec/rails_helper.rb": [
        null,
        1,
        1,
        1,
        1,
        null,
        null,
        null,
        null,
        null,
        null,
        null,
        null,
        null,
        null,
        null,
        null,
        null,
        null,
        null,
        null,
        null,
        null,
        null,
        1,
        null,
        1,
        null,
        1,
        null,
        null,
        null,
        null,
        1,
        null,
        null,
        null,
        null,
        null,
        null,
        null,
        null,
        null,
        null,
        null,
        null,
        null,
        null,
        1,
        null
      ],
      "/Users/hondam/Workspace/ninefold.com/rails_ci/config/environment.rb": [
        null,
        1,
        null,
        null,
        1
      ],
      "/Users/hondam/Workspace/ninefold.com/rails_ci/config/application.rb": [
        1,
        null,
        1,
        null,
        null,
        null,
        1,
        null,
        1,
        1,
        null,
        null,
        null,
        null,
        null,
        null,
        null,
        null,
        null,
        null,
        null,
        null,
        1,
        1,
        null,
        null,
        null,
        null,
        null,
        null,
        null,
        null,
        null,
        null,
        null,
        null,
        1,
        null,
        null,
        null
      ],
      "/Users/hondam/Workspace/ninefold.com/rails_ci/config/boot.rb": [
        null,
        1,
        null,
        1
      ],
      "/Users/hondam/Workspace/ninefold.com/rails_ci/config/environments/test.rb": [
        1,
        null,
        null,
        null,
        null,
        null,
        null,
        1,
        null,
        null,
        null,
        null,
        1,
        null,
        null,
        1,
        1,
        null,
        null,
        1,
        1,
        null,
        null,
        1,
        null,
        null,
        1,
        null,
        null,
        null,
        null,
        1,
        null,
        null,
        1,
        null,
        null,
        null,
        null
      ],
      "/Users/hondam/Workspace/ninefold.com/rails_ci/config/initializers/assets.rb": [
        null,
        null,
        null,
        1,
        null,
        null,
        null,
        null
      ],
      "/Users/hondam/Workspace/ninefold.com/rails_ci/config/initializers/backtrace_silencers.rb": [
        null,
        null,
        null,
        null,
        null,
        null,
        null
      ],
      "/Users/hondam/Workspace/ninefold.com/rails_ci/config/initializers/cookies_serializer.rb": [
        null,
        null,
        1
      ],
      "/Users/hondam/Workspace/ninefold.com/rails_ci/config/initializers/filter_parameter_logging.rb": [
        null,
        null,
        null,
        1
      ],
      "/Users/hondam/Workspace/ninefold.com/rails_ci/config/initializers/inflections.rb": [
        null,
        null,
        null,
        null,
        null,
        null,
        null,
        null,
        null,
        null,
        null,
        null,
        null,
        null,
        null,
        null
      ],
      "/Users/hondam/Workspace/ninefold.com/rails_ci/config/initializers/mime_types.rb": [
        null,
        null,
        null,
        null
      ],
      "/Users/hondam/Workspace/ninefold.com/rails_ci/config/initializers/rack_profiler.rb": [
        1,
        0,
        null,
        null,
        0,
        null
      ],
      "/Users/hondam/Workspace/ninefold.com/rails_ci/config/initializers/session_store.rb": [
        null,
        null,
        1
      ],
      "/Users/hondam/Workspace/ninefold.com/rails_ci/config/initializers/wrap_parameters.rb": [
        null,
        null,
        null,
        null,
        null,
        null,
        1,
        1,
        null,
        null,
        null,
        null,
        null,
        null
      ],
      "/Users/hondam/Workspace/ninefold.com/rails_ci/spec/factories/articles.rb": [
        1,
        1,
        1,
        1,
        null,
        null,
        null
      ],
      "/Users/hondam/Workspace/ninefold.com/rails_ci/config/routes.rb": [
        1,
        null,
        1,
        null,
        null,
        null,
        null,
        null,
        null,
        null,
        null,
        null,
        1,
        null
      ],
      "/Users/hondam/Workspace/ninefold.com/rails_ci/app/helpers/application_helper.rb": [
        1,
        null
      ],
      "/Users/hondam/Workspace/ninefold.com/rails_ci/app/helpers/articles_helper.rb": [
        1,
        null
      ],
      "/Users/hondam/Workspace/ninefold.com/rails_ci/app/helpers/welcome_helper.rb": [
        1,
        null
      ],
      "/Users/hondam/Workspace/ninefold.com/rails_ci/app/controllers/articles_controller.rb": [
        1,
        null,
        null,
        null,
        1,
        0,
        null,
        null,
        null,
        null,
        1,
        0,
        null,
        null,
        null,
        null,
        1,
        0,
        null,
        0,
        0,
        null,
        0,
        null,
        null,
        null,
        null,
        null,
        1,
        0,
        null,
        null,
        null,
        null,
        1,
        0,
        null,
        null,
        null,
        null,
        1,
        0,
        null,
        0,
        0,
        null,
        0,
        null,
        null,
        null,
        null,
        null,
        1,
        0,
        0,
        0,
        null,
        null,
        1,
        1,
        null,
        0,
        null,
        null
      ],
      "/Users/hondam/Workspace/ninefold.com/rails_ci/app/controllers/application_controller.rb": [
        1,
        null,
        null,
        1,
        null
      ],
      "/Users/hondam/Workspace/ninefold.com/rails_ci/spec/features/article_spec.rb": [
        1,
        null,
        1,
        1,
        null,
        null,
        null,
        1,
        null,
        1,
        0,
        null,
        0,
        null,
        null
      ],
      "/Users/hondam/Workspace/ninefold.com/rails_ci/spec/models/article_spec.rb": [
        1,
        null,
        1,
        1,
        1,
        null,
        null
      ],
      "/Users/hondam/Workspace/ninefold.com/rails_ci/app/models/article.rb": [
        1,
        1,
        null,
        null
      ]
    },
    "timestamp": 1422336040
  }
}
